shadowsocks-nodejs v1.4.1
3 Jan 13:16:48 - loading config from /usr/local/lib/node_modules/shadowsocks/config.json
3 Jan 13:16:48 - UDP server listening 0.0.0.0:1080
3 Jan 13:16:48 - local listening at port 1080
3 Jan 13:16:50 - connecting mail.google.com:443
3 Jan 13:16:52 - connecting talkgadget.google.com:443
3 Jan 13:16:52 - connecting 0.docs.google.com:443
3 Jan 13:16:54 - connecting github.com:443
3 Jan 13:16:54 - connecting github.com:443
3 Jan 13:16:56 - connecting 0.gravatar.com:443
3 Jan 13:16:56 - connecting 0.gravatar.com:443
3 Jan 13:16:56 - connecting 0.gravatar.com:443
3 Jan 13:16:56 - connecting 2.gravatar.com:443
3 Jan 13:16:56 - connecting 2.gravatar.com:443
3 Jan 13:16:56 - connecting 0.gravatar.com:443
3 Jan 13:16:56 - connecting 2.gravatar.com:443
3 Jan 13:16:56 - connecting 2.gravatar.com:443
3 Jan 13:16:57 - connecting plus.google.com:443
3 Jan 13:17:02 - connecting m.fanfou.com:80
3 Jan 13:17:19 - connecting ssl.gstatic.com:443
3 Jan 13:17:32 - connecting m.fanfou.com:80
3 Jan 13:17:38 - connecting sys.www.dianping.com:80
3 Jan 13:17:38 - connecting sys.www.dianping.com:80
3 Jan 13:17:38 - connecting sys.www.dianping.com:80
3 Jan 13:17:38 - connecting www.google-analytics.com:80
3 Jan 13:17:38 - connecting sys.www.dianping.com:80
3 Jan 13:17:38 - connecting sys.www.dianping.com:80
3 Jan 13:17:38 - connecting www.google-analytics.com:80
3 Jan 13:17:38 - connecting www.google-analytics.com:80
3 Jan 13:17:38 - connecting sys.www.dianping.com:80
3 Jan 13:17:39 - connecting sys.www.dianping.com:80
3 Jan 13:17:39 - connecting sys.www.dianping.com:80
3 Jan 13:17:39 - connecting sys.www.dianping.com:80
3 Jan 13:17:39 - connecting sys.www.dianping.com:80
3 Jan 13:17:39 - connecting sys.www.dianping.com:80
3 Jan 13:17:41 - connecting www.google.com:443
3 Jan 13:17:41 - connecting sys.www.dianping.com:80
3 Jan 13:17:41 - connecting sys.www.dianping.com:80
3 Jan 13:17:41 - connecting sys.www.dianping.com:80
3 Jan 13:17:41 - connecting sys.www.dianping.com:80
3 Jan 13:17:41 - connecting sys.www.dianping.com:80
3 Jan 13:18:17 - connecting calendar.google.com:443
3 Jan 13:18:17 - connecting p04-caldav.icloud.com:443
3 Jan 13:18:17 - connecting calendar.google.com:443
3 Jan 13:18:17 - connecting p04-caldav.icloud.com:443
3 Jan 13:18:18 - connecting calendar.google.com:443
3 Jan 13:18:18 - connecting calendar.google.com:443
3 Jan 13:18:22 - connecting toolbarqueries.google.com:80
3 Jan 13:18:23 - connecting calendar.google.com:443
3 Jan 13:18:32 - connecting m.fanfou.com:80
3 Jan 13:18:34 - connecting sys.www.dianping.com:80
3 Jan 13:18:34 - connecting sys.www.dianping.com:80
3 Jan 13:18:34 - connecting sys.www.dianping.com:80
3 Jan 13:18:34 - connecting sys.www.dianping.com:80
3 Jan 13:18:35 - connecting sys.www.dianping.com:80
3 Jan 13:18:36 - connecting sys.www.dianping.com:80
3 Jan 13:18:36 - connecting sys.www.dianping.com:80
3 Jan 13:18:36 - connecting sys.www.dianping.com:80
3 Jan 13:18:36 - connecting sys.www.dianping.com:80
3 Jan 13:18:52 - connecting www.google.com:443
3 Jan 13:18:54 - connecting github.com:443
3 Jan 13:18:56 - connecting 1.gravatar.com:443
3 Jan 13:19:02 - connecting m.fanfou.com:80
3 Jan 13:19:32 - connecting m.fanfou.com:80
3 Jan 13:19:54 - connecting github.com:443
3 Jan 13:19:54 - connecting github.com:443
3 Jan 13:19:56 - connecting 1.gravatar.com:443
3 Jan 13:20:02 - connecting m.fanfou.com:80
3 Jan 13:20:24 - connecting toolbarqueries.google.com:80
3 Jan 13:20:32 - connecting m.fanfou.com:80
3 Jan 13:20:54 - connecting github.com:443
3 Jan 13:21:02 - connecting m.fanfou.com:80
3 Jan 13:21:04 - connecting clients6.google.com:443
3 Jan 13:21:32 - connecting m.fanfou.com:80
3 Jan 13:21:57 - connecting www.evernote.com:443
3 Jan 13:22:02 - connecting m.fanfou.com:80
3 Jan 13:22:32 - connecting m.fanfou.com:80
3 Jan 13:22:46 - connecting lh4.googleusercontent.com:443
3 Jan 13:22:49 - connecting clients1.google.com:443
3 Jan 13:22:51 - connecting erebor.douban.com:80
3 Jan 13:22:51 - connecting erebor.douban.com:80
3 Jan 13:22:54 - connecting apis.google.com:443
3 Jan 13:22:54 - connecting github.com:443
3 Jan 13:22:54 - connecting github.com:443
3 Jan 13:22:55 - connecting ssl.gstatic.com:443
3 Jan 13:22:56 - connecting portforward.com:80
3 Jan 13:22:56 - connecting 0.gravatar.com:443
3 Jan 13:22:57 - connecting pagead2.googlesyndication.com:80
3 Jan 13:22:57 - connecting portforward.com:80
3 Jan 13:22:57 - connecting portforward.com:80
3 Jan 13:22:57 - connecting portforward.com:80
3 Jan 13:22:57 - connecting portforward.com:80
3 Jan 13:22:57 - connecting portforward.com:80
3 Jan 13:22:58 - connecting portforward.com:80
3 Jan 13:22:58 - connecting portforward.com:80
3 Jan 13:22:58 - connecting ssl.gstatic.com:80
3 Jan 13:22:58 - connecting portforward.com:80
3 Jan 13:22:58 - connecting portforward.com:80
3 Jan 13:22:58 - connecting portforward.com:80
3 Jan 13:22:58 - connecting apis.google.com:443
3 Jan 13:22:58 - connecting googleads.g.doubleclick.net:443
3 Jan 13:22:58 - connecting googleads.g.doubleclick.net:80
3 Jan 13:22:58 - connecting googleads.g.doubleclick.net:80
3 Jan 13:22:58 - connecting s.zampdsp.com:80
3 Jan 13:22:58 - connecting accounts.google.com:443
3 Jan 13:22:58 - connecting s.zampdsp.com:80
3 Jan 13:22:58 - connecting googleads.g.doubleclick.net:80
3 Jan 13:22:58 - connecting s.zampdsp.com:80
3 Jan 13:22:58 - connecting portforward.com:80
3 Jan 13:22:59 - connecting www.google.com:80
3 Jan 13:22:59 - connecting www.google.com:80
3 Jan 13:22:59 - connecting portforward.com:80
3 Jan 13:22:59 - connecting portforward.com:80
3 Jan 13:22:59 - connecting portforward.com:80
3 Jan 13:22:59 - connecting www.google-analytics.com:80
3 Jan 13:23:00 - connecting ssl.gstatic.com:443
3 Jan 13:23:00 - connecting pagead2.googlesyndication.com:80
3 Jan 13:23:00 - connecting pagead2.googlesyndication.com:80
3 Jan 13:23:00 - connecting pagead2.googlesyndication.com:80
3 Jan 13:23:00 - connecting pagead2.googlesyndication.com:80
3 Jan 13:23:00 - connecting s.zampdsp.com:80
3 Jan 13:23:00 - connecting googleads.g.doubleclick.net:80
3 Jan 13:23:00 - connecting toolbarqueries.google.com:80
3 Jan 13:23:01 - connecting oauth.googleusercontent.com:443
3 Jan 13:23:01 - connecting a.adroll.com:80
3 Jan 13:23:01 - connecting adx-winners-us-west-2-rtb.adroll.com:80
3 Jan 13:23:01 - connecting googleads.g.doubleclick.net:443
3 Jan 13:23:02 - connecting www.gstatic.com:80
3 Jan 13:23:02 - connecting m.fanfou.com:80
3 Jan 13:23:03 - connecting www.virtualbox.org:443
3 Jan 13:23:03 - connecting www.virtualbox.org:443
3 Jan 13:23:03 - connecting d.adroll.com:80
3 Jan 13:23:04 - connecting a.adroll.com:80
3 Jan 13:23:06 - connecting toolbarqueries.google.com:80
3 Jan 13:23:06 - connecting stackoverflow.com:80
3 Jan 13:23:06 - connecting bs.serving-sys.com:443
3 Jan 13:23:08 - connecting www.gravatar.com:443
3 Jan 13:23:08 - connecting www.gravatar.com:443
3 Jan 13:23:09 - connecting engine.adzerk.net:80
3 Jan 13:23:09 - connecting pixel.quantserve.com:80
3 Jan 13:23:09 - connecting b.scorecardresearch.com:80
3 Jan 13:23:09 - connecting www.gravatar.com:443
3 Jan 13:23:09 - connecting stackoverflow.com:80
3 Jan 13:23:10 - connecting cm.g.doubleclick.net:80
3 Jan 13:23:10 - connecting sendgrid.sp1.convertro.com:80
3 Jan 13:23:10 - connecting ds.serving-sys.com:80
3 Jan 13:23:10 - connecting bs.serving-sys.com:443
3 Jan 13:23:10 - connecting careers.stackoverflow.com:80
3 Jan 13:23:11 - connecting engine.adzerk.net:80
3 Jan 13:23:11 - connecting static.adzerk.net:80
3 Jan 13:23:11 - connecting engine.adzerk.net:80
3 Jan 13:23:11 - connecting engine.adzerk.net:80
3 Jan 13:23:11 - connecting c.betrad.com:80
3 Jan 13:23:12 - connecting pixel.quantserve.com:80
3 Jan 13:23:12 - connecting c.betrad.com:80
3 Jan 13:23:13 - connecting bs.serving-sys.com:443
3 Jan 13:23:13 - connecting portforward.com:80
3 Jan 13:23:15 - connecting l.betrad.com:80
3 Jan 13:23:17 - connecting toolbarqueries.google.com:80
3 Jan 13:23:21 - connecting api4.doit.im:443
3 Jan 13:23:32 - connecting fanfou.com:80
3 Jan 13:23:32 - connecting m.fanfou.com:80
3 Jan 13:23:40 - connecting adzerk-www.s3.amazonaws.com:443
3 Jan 13:23:42 - connecting docs.google.com:443
3 Jan 13:23:54 - connecting github.com:443
3 Jan 13:23:56 - connecting 0.gravatar.com:443
3 Jan 13:23:56 - connecting 0.gravatar.com:443
3 Jan 13:24:02 - connecting m.fanfou.com:80
3 Jan 13:24:32 - connecting m.fanfou.com:80
3 Jan 13:24:54 - connecting github.com:443
3 Jan 13:24:54 - connecting github.com:443
3 Jan 13:24:57 - connecting 1.gravatar.com:443
3 Jan 13:24:57 - connecting 2.gravatar.com:443
3 Jan 13:25:02 - connecting m.fanfou.com:80
3 Jan 13:25:32 - connecting m.fanfou.com:80
3 Jan 13:25:54 - connecting github.com:443
3 Jan 13:26:02 - connecting m.fanfou.com:80
3 Jan 13:26:32 - connecting m.fanfou.com:80
3 Jan 13:26:54 - connecting github.com:443
3 Jan 13:26:54 - connecting github.com:443
3 Jan 13:27:02 - connecting m.fanfou.com:80
3 Jan 13:27:18 - connecting erebor.douban.com:80
3 Jan 13:27:32 - connecting m.fanfou.com:80
3 Jan 13:27:55 - connecting github.com:443
3 Jan 13:28:02 - connecting m.fanfou.com:80
3 Jan 13:28:32 - connecting m.fanfou.com:80
3 Jan 13:28:54 - connecting www.google.com:443
3 Jan 13:29:04 - connecting m.fanfou.com:80
3 Jan 13:29:20 - connecting clients4.google.com:443
3 Jan 13:29:32 - connecting m.fanfou.com:80
3 Jan 13:29:55 - connecting github.com:443
3 Jan 13:29:55 - connecting github.com:443
3 Jan 13:29:57 - connecting 0.gravatar.com:443
3 Jan 13:29:57 - connecting 0.gravatar.com:443
3 Jan 13:29:57 - connecting 0.gravatar.com:443
3 Jan 13:29:59 - connecting erebor.douban.com:80
3 Jan 13:30:02 - connecting m.fanfou.com:80
3 Jan 13:30:17 - connecting clients6.google.com:443
3 Jan 13:30:25 - connecting sys.www.dianping.com:80
3 Jan 13:30:25 - connecting sys.www.dianping.com:80
3 Jan 13:30:25 - connecting sys.www.dianping.com:80
3 Jan 13:30:25 - connecting sys.www.dianping.com:80
3 Jan 13:30:25 - connecting sys.www.dianping.com:80
3 Jan 13:30:25 - connecting sys.www.dianping.com:80
3 Jan 13:30:27 - connecting clients1.google.com:443
3 Jan 13:30:32 - connecting m.fanfou.com:80
3 Jan 13:30:55 - connecting github.com:443
3 Jan 13:30:57 - connecting 2.gravatar.com:443
3 Jan 13:30:57 - connecting 2.gravatar.com:443
3 Jan 13:31:00 - connecting p04-caldav.icloud.com:443
3 Jan 13:31:00 - connecting calendar.google.com:443
3 Jan 13:31:00 - connecting calendar.google.com:443
3 Jan 13:31:00 - connecting p04-caldav.icloud.com:443
3 Jan 13:31:02 - connecting m.fanfou.com:80
3 Jan 13:31:02 - connecting setup.icloud.com:443
3 Jan 13:31:02 - connecting calendar.google.com:443
3 Jan 13:31:03 - connecting calendar.google.com:443
3 Jan 13:31:06 - connecting calendar.google.com:443
3 Jan 13:35:30 - remote 0.docs.google.com:443 error: Error: read EADDRNOTAVAIL
3 Jan 13:35:30 - remote mail.google.com:443 error: Error: read EADDRNOTAVAIL
3 Jan 13:35:30 - remote talkgadget.google.com:443 error: Error: read EADDRNOTAVAIL
3 Jan 13:35:30 - remote sys.www.dianping.com:80 error: Error: read EADDRNOTAVAIL
3 Jan 13:35:30 - remote sys.www.dianping.com:80 error: Error: read EADDRNOTAVAIL
3 Jan 13:35:30 - remote sys.www.dianping.com:80 error: Error: read EADDRNOTAVAIL
3 Jan 13:35:30 - remote sys.www.dianping.com:80 error: Error: read EADDRNOTAVAIL
3 Jan 13:35:30 - remote sys.www.dianping.com:80 error: Error: read EADDRNOTAVAIL
3 Jan 13:35:30 - remote sys.www.dianping.com:80 error: Error: read EADDRNOTAVAIL
